<?xml version="1.0" encoding="UTF-8"?>
<!-- Generated by org.testng.reporters.JUnitXMLReporter -->
<testsuite ignored="0" hostname="LAPTOP-TJHTKUSI" failures="1" tests="7" name="chromeTest" time="82.3" errors="0" timestamp="2026-03-20T15:54:56 IST">
  <testcase classname="testCases.TC01_AccountRegistrationTest" name="test_Account_Registration" time="2.84"/>
  <testcase classname="testCases.TC02_LoginTest" name="test_Login" time="12.079">
    <failure type="java.lang.AssertionError" message="expected [true] but found [false]">
      <![CDATA[java.lang.AssertionError: expected [true] but found [false]
at testCases.TC02_LoginTest.test_Login(TC02_LoginTest.java:25)
at java.base/java.util.ArrayList.forEach(ArrayList.java:1596)
... Removed 32 stack frames]]>
    </failure>
  </testcase> <!-- test_Login -->
  <testcase classname="testCases.TC03_LoginDDT" name="test_LoginDDT" time="2.445"/>
  <testcase classname="testCases.TC03_LoginDDT" name="test_LoginDDT" time="10.757"/>
  <testcase classname="testCases.TC03_LoginDDT" name="test_LoginDDT" time="11.43"/>
  <testcase classname="testCases.TC03_LoginDDT" name="test_LoginDDT" time="11.373"/>
  <testcase classname="testCases.TC03_LoginDDT" name="test_LoginDDT" time="11.506"/>
</testsuite> <!-- chromeTest -->
