<?xml version="1.0" encoding="UTF-8"?>
<!-- Generated by org.testng.reporters.JUnitXMLReporter -->
<testsuite ignored="0" hostname="LAPTOP-TJHTKUSI" failures="1" tests="9" name="chromeTest" time="153.015" errors="0" timestamp="2026-03-29T12:04:50 IST">
  <testcase classname="testCases.TC01_AccountRegistrationTest" name="test_Account_Registration" time="7.551"/>
  <testcase classname="testCases.TC02_LoginTest" name="test_Login" time="12.784">
    <failure type="java.lang.AssertionError" message="expected [true] but found [false]">
      <![CDATA[java.lang.AssertionError: expected [true] but found [false]
at testCases.TC02_LoginTest.test_Login(TC02_LoginTest.java:26)
at java.base/java.util.ArrayList.forEach(ArrayList.java:1596)
at java.base/java.util.concurrent.FutureTask.run(FutureTask.java:317)
at java.base/java.util.concurrent.ThreadPoolExecutor.runWorker(ThreadPoolExecutor.java:1144)
at java.base/java.util.concurrent.ThreadPoolExecutor$Worker.run(ThreadPoolExecutor.java:642)
at java.base/java.lang.Thread.run(Thread.java:1583)
... Removed 22 stack frames]]>
    </failure>
  </testcase> <!-- test_Login -->
  <testcase classname="testCases.TC03_LoginDDT" name="test_LoginDDT" time="4.268"/>
  <testcase classname="testCases.TC03_LoginDDT" name="test_LoginDDT" time="12.577"/>
  <testcase classname="testCases.TC03_LoginDDT" name="test_LoginDDT" time="12.703"/>
  <testcase classname="testCases.TC03_LoginDDT" name="test_LoginDDT" time="12.958"/>
  <testcase classname="testCases.TC03_LoginDDT" name="test_LoginDDT" time="13.178"/>
  <testcase classname="testCases.TC04_SearchProductTest" name="verify_ProductSearch" time="2.928"/>
  <testcase classname="testCases.TC05_AddToCartTest" name="verify_AddToCart" time="5.58"/>
</testsuite> <!-- chromeTest -->
