<?xml version="1.0" encoding="UTF-8"?>
<!-- Generated by org.testng.reporters.JUnitXMLReporter -->
<testsuite ignored="0" hostname="LAPTOP-TJHTKUSI" failures="1" tests="9" name="edgeTest" time="153.07" errors="0" timestamp="2026-03-29T12:04:50 IST">
  <testcase classname="testCases.TC01_AccountRegistrationTest" name="test_Account_Registration" time="7.68"/>
  <testcase classname="testCases.TC02_LoginTest" name="test_Login" time="13.664">
    <failure type="java.lang.AssertionError" message="expected [true] but found [false]">
      <![CDATA[java.lang.AssertionError: expected [true] but found [false]
at testCases.TC02_LoginTest.test_Login(TC02_LoginTest.java:26)
at java.base/java.util.ArrayList.forEach(ArrayList.java:1596)
at java.base/java.util.concurrent.FutureTask.run(FutureTask.java:317)
at java.base/java.util.concurrent.ThreadPoolExecutor.runWorker(ThreadPoolExecutor.java:1144)
at java.base/java.util.concurrent.ThreadPoolExecutor$Worker.run(ThreadPoolExecutor.java:642)
at java.base/java.lang.Thread.run(Thread.java:1583)
... Removed 22 stack frames]]>
    </failure>
  </testcase> <!-- test_Login -->
  <testcase classname="testCases.TC03_LoginDDT" name="test_LoginDDT" time="4.386"/>
  <testcase classname="testCases.TC03_LoginDDT" name="test_LoginDDT" time="12.717"/>
  <testcase classname="testCases.TC03_LoginDDT" name="test_LoginDDT" time="12.663"/>
  <testcase classname="testCases.TC03_LoginDDT" name="test_LoginDDT" time="12.706"/>
  <testcase classname="testCases.TC03_LoginDDT" name="test_LoginDDT" time="13.675"/>
  <testcase classname="testCases.TC04_SearchProductTest" name="verify_ProductSearch" time="2.992"/>
  <testcase classname="testCases.TC05_AddToCartTest" name="verify_AddToCart" time="6.139"/>
</testsuite> <!-- edgeTest -->
