<?xml version="1.0" encoding="UTF-8"?>
<!-- Generated by org.testng.reporters.JUnitXMLReporter -->
<testsuite ignored="0" hostname="LAPTOP-TJHTKUSI" failures="1" tests="7" name="edgeTest" time="85.289" errors="0" timestamp="2026-03-20T15:56:22 IST">
  <testcase classname="testCases.TC01_AccountRegistrationTest" name="test_Account_Registration" time="7.803"/>
  <testcase classname="testCases.TC02_LoginTest" name="test_Login" time="12.831">
    <failure type="java.lang.AssertionError" message="expected [true] but found [false]">
      <![CDATA[java.lang.AssertionError: expected [true] but found [false]
at testCases.TC02_LoginTest.test_Login(TC02_LoginTest.java:25)
at java.base/java.util.ArrayList.forEach(ArrayList.java:1596)
... Removed 32 stack frames]]>
    </failure>
  </testcase> <!-- test_Login -->
  <testcase classname="testCases.TC03_LoginDDT" name="test_LoginDDT" time="2.198"/>
  <testcase classname="testCases.TC03_LoginDDT" name="test_LoginDDT" time="11.667"/>
  <testcase classname="testCases.TC03_LoginDDT" name="test_LoginDDT" time="11.623"/>
  <testcase classname="testCases.TC03_LoginDDT" name="test_LoginDDT" time="10.886"/>
  <testcase classname="testCases.TC03_LoginDDT" name="test_LoginDDT" time="10.882"/>
</testsuite> <!-- edgeTest -->
