<?xml version="1.0" encoding="UTF-8"?>
<!-- Generated by org.testng.reporters.JUnitXMLReporter -->
<testsuite ignored="0" hostname="LAPTOP-TJHTKUSI" failures="1" tests="9" name="Test" time="110.091" errors="0" timestamp="2026-03-26T21:32:23 IST">
  <testcase classname="testCases.TC01_AccountRegistrationTest" name="test_Account_Registration" time="3.913"/>
  <testcase classname="testCases.TC02_LoginTest" name="test_Login" time="2.408"/>
  <testcase classname="testCases.TC03_LoginDDT" name="test_LoginDDT" time="3.668"/>
  <testcase classname="testCases.TC03_LoginDDT" name="test_LoginDDT" time="11.045"/>
  <testcase classname="testCases.TC03_LoginDDT" name="test_LoginDDT" time="13.472"/>
  <testcase classname="testCases.TC03_LoginDDT" name="test_LoginDDT" time="12.547"/>
  <testcase classname="testCases.TC03_LoginDDT" name="test_LoginDDT" time="10.966"/>
  <testcase classname="testCases.TC04_SearchProductTest" name="verify_ProductSearch" time="1.641"/>
  <testcase classname="testCases.TC05_AddToCartTest" name="verify_AddToCart" time="2.048">
    <failure type="java.lang.AssertionError" message="null">
      <![CDATA[java.lang.AssertionError: null
at testCases.TC05_AddToCartTest.verify_AddToCart(TC05_AddToCartTest.java:31)
at java.base/java.util.ArrayList.forEach(ArrayList.java:1596)
... Removed 27 stack frames]]>
    </failure>
  </testcase> <!-- verify_AddToCart -->
</testsuite> <!-- Test -->
