<?xml version="1.0" encoding="UTF-8"?>
<!-- Generated by org.testng.reporters.JUnitXMLReporter -->
<testsuite ignored="0" hostname="LAPTOP-TJHTKUSI" failures="1" tests="4" name="Test" time="26.201" errors="0" timestamp="2026-03-26T18:07:32 IST">
  <testcase classname="testCases.TC01_AccountRegistrationTest" name="test_Account_Registration" time="2.825"/>
  <testcase classname="testCases.TC02_LoginTest" name="test_Login" time="2.513"/>
  <testcase classname="testCases.TC04_SearchProductTest" name="verify_ProductSearch" time="0.652">
    <failure type="java.lang.AssertionError" message="expected [true] but found [false]">
      <![CDATA[java.lang.AssertionError: expected [true] but found [false]
at testCases.TC04_SearchProductTest.verify_ProductSearch(TC04_SearchProductTest.java:19)
at java.base/java.util.ArrayList.forEach(ArrayList.java:1596)
... Removed 36 stack frames]]>
    </failure>
  </testcase> <!-- verify_ProductSearch -->
  <testcase classname="testCases.TC05_AddToCartTest" name="verify_AddToCart" time="0.589"/>
</testsuite> <!-- Test -->
