<?xml version="1.0" encoding="UTF-8"?>
<!-- Generated by org.testng.reporters.JUnitXMLReporter -->
<testsuite ignored="0" hostname="LAPTOP-TJHTKUSI" failures="0" tests="9" name="Test" time="82.533" errors="0" timestamp="2026-03-26T23:02:31 IST">
  <testcase classname="testCases.TC01_AccountRegistrationTest" name="test_Account_Registration" time="3.569"/>
  <testcase classname="testCases.TC02_LoginTest" name="test_Login" time="2.979"/>
  <testcase classname="testCases.TC03_LoginDDT" name="test_LoginDDT" time="2.646"/>
  <testcase classname="testCases.TC03_LoginDDT" name="test_LoginDDT" time="10.919"/>
  <testcase classname="testCases.TC03_LoginDDT" name="test_LoginDDT" time="12.767"/>
  <testcase classname="testCases.TC03_LoginDDT" name="test_LoginDDT" time="10.765"/>
  <testcase classname="testCases.TC03_LoginDDT" name="test_LoginDDT" time="10.699"/>
  <testcase classname="testCases.TC04_SearchProductTest" name="verify_ProductSearch" time="0.705"/>
  <testcase classname="testCases.TC05_AddToCartTest" name="verify_AddToCart" time="2.019"/>
</testsuite> <!-- Test -->
