<?xml version="1.0" encoding="UTF-8"?>
<testng-results ignored="0" total="9" passed="9" failed="0" skipped="0">
  <reporter-output>
  </reporter-output>
  <suite started-at="2026-03-26T23:01:08 IST" name="Suite" finished-at="2026-03-26T23:02:31 IST" duration-ms="82533">
    <groups>
      <group name="Master">
        <method signature="TC01_AccountRegistrationTest.test_Account_Registration()[pri:0, instance:testCases.TC01_AccountRegistrationTest@4fb0f2b9]" name="test_Account_Registration" class="testCases.TC01_AccountRegistrationTest"/>
        <method signature="TC02_LoginTest.test_Login()[pri:0, instance:testCases.TC02_LoginTest@294425a7]" name="test_Login" class="testCases.TC02_LoginTest"/>
      </group> <!-- Master -->
      <group name="Sanity">
        <method signature="TC02_LoginTest.test_Login()[pri:0, instance:testCases.TC02_LoginTest@294425a7]" name="test_Login" class="testCases.TC02_LoginTest"/>
      </group> <!-- Sanity -->
      <group name="DataDriven">
        <method signature="TC03_LoginDDT.test_LoginDDT(java.lang.String,java.lang.String,java.lang.String)[pri:0, instance:testCases.TC03_LoginDDT@67d48005]" name="test_LoginDDT" class="testCases.TC03_LoginDDT"/>
      </group> <!-- DataDriven -->
      <group name="Regression">
        <method signature="TC01_AccountRegistrationTest.test_Account_Registration()[pri:0, instance:testCases.TC01_AccountRegistrationTest@4fb0f2b9]" name="test_Account_Registration" class="testCases.TC01_AccountRegistrationTest"/>
      </group> <!-- Regression -->
    </groups>
    <test started-at="2026-03-26T23:01:08 IST" name="Test" finished-at="2026-03-26T23:02:31 IST" duration-ms="82533">
      <class name="testCases.TC05_AddToCartTest">
        <test-method is-config="true" signature="setUp(java.lang.String,java.lang.String)[pri:0, instance:testCases.TC05_AddToCartTest@12468a38]" started-at="2026-03-26T23:02:25 IST" name="setUp" finished-at="2026-03-26T23:02:28 IST" duration-ms="3374" status="PASS">
          <params>
            <param index="0">
              <value>
                <![CDATA[windows]]>
              </value>
            </param>
            <param index="1">
              <value>
                <![CDATA[chrome]]>
              </value>
            </param>
          </params>
          <reporter-output>
          </reporter-output>
        </test-method> <!-- setUp -->
        <test-method signature="verify_AddToCart()[pri:0, instance:testCases.TC05_AddToCartTest@12468a38]" started-at="2026-03-26T23:02:28 IST" name="verify_AddToCart" finished-at="2026-03-26T23:02:30 IST" duration-ms="2019" status="PASS">
          <reporter-output>
          </reporter-output>
        </test-method> <!-- verify_AddToCart -->
        <test-method is-config="true" signature="tearDown()[pri:0, instance:testCases.TC05_AddToCartTest@12468a38]" started-at="2026-03-26T23:02:30 IST" name="tearDown" finished-at="2026-03-26T23:02:31 IST" duration-ms="563" status="PASS">
          <reporter-output>
          </reporter-output>
        </test-method> <!-- tearDown -->
      </class> <!-- testCases.TC05_AddToCartTest -->
      <class name="testCases.TC03_LoginDDT">
        <test-method is-config="true" signature="setUp(java.lang.String,java.lang.String)[pri:0, instance:testCases.TC03_LoginDDT@67d48005]" started-at="2026-03-26T23:01:26 IST" name="setUp" finished-at="2026-03-26T23:01:29 IST" duration-ms="3566" status="PASS">
          <params>
            <param index="0">
              <value>
                <![CDATA[windows]]>
              </value>
            </param>
            <param index="1">
              <value>
                <![CDATA[chrome]]>
              </value>
            </param>
          </params>
          <reporter-output>
          </reporter-output>
        </test-method> <!-- setUp -->
        <test-method signature="test_LoginDDT(java.lang.String,java.lang.String,java.lang.String)[pri:0, instance:testCases.TC03_LoginDDT@67d48005]" started-at="2026-03-26T23:01:31 IST" name="test_LoginDDT" data-provider="dp" finished-at="2026-03-26T23:01:34 IST" duration-ms="2646" status="PASS">
          <params>
            <param index="0">
              <value>
                <![CDATA[manisha834@gmail.com]]>
              </value>
            </param>
            <param index="1">
              <value>
                <![CDATA[Mani834#]]>
              </value>
            </param>
            <param index="2">
              <value>
                <![CDATA[Valid]]>
              </value>
            </param>
          </params>
          <reporter-output>
          </reporter-output>
        </test-method> <!-- test_LoginDDT -->
        <test-method signature="test_LoginDDT(java.lang.String,java.lang.String,java.lang.String)[pri:0, instance:testCases.TC03_LoginDDT@67d48005]" started-at="2026-03-26T23:01:34 IST" name="test_LoginDDT" data-provider="dp" finished-at="2026-03-26T23:01:45 IST" duration-ms="10919" status="PASS">
          <params>
            <param index="0">
              <value>
                <![CDATA[xyz876@gmail.com]]>
              </value>
            </param>
            <param index="1">
              <value>
                <![CDATA[xyz876]]>
              </value>
            </param>
            <param index="2">
              <value>
                <![CDATA[Invalid]]>
              </value>
            </param>
          </params>
          <reporter-output>
          </reporter-output>
        </test-method> <!-- test_LoginDDT -->
        <test-method signature="test_LoginDDT(java.lang.String,java.lang.String,java.lang.String)[pri:0, instance:testCases.TC03_LoginDDT@67d48005]" started-at="2026-03-26T23:01:45 IST" name="test_LoginDDT" data-provider="dp" finished-at="2026-03-26T23:01:58 IST" duration-ms="12767" status="PASS">
          <params>
            <param index="0">
              <value>
                <![CDATA[phnv654@gmail.com]]>
              </value>
            </param>
            <param index="1">
              <value>
                <![CDATA[phnv654]]>
              </value>
            </param>
            <param index="2">
              <value>
                <![CDATA[Invalid]]>
              </value>
            </param>
          </params>
          <reporter-output>
          </reporter-output>
        </test-method> <!-- test_LoginDDT -->
        <test-method signature="test_LoginDDT(java.lang.String,java.lang.String,java.lang.String)[pri:0, instance:testCases.TC03_LoginDDT@67d48005]" started-at="2026-03-26T23:01:58 IST" name="test_LoginDDT" data-provider="dp" finished-at="2026-03-26T23:02:09 IST" duration-ms="10765" status="PASS">
          <params>
            <param index="0">
              <value>
                <![CDATA[rtfn@gmail.com]]>
              </value>
            </param>
            <param index="1">
              <value>
                <![CDATA[rtfn87]]>
              </value>
            </param>
            <param index="2">
              <value>
                <![CDATA[Invalid]]>
              </value>
            </param>
          </params>
          <reporter-output>
          </reporter-output>
        </test-method> <!-- test_LoginDDT -->
        <test-method signature="test_LoginDDT(java.lang.String,java.lang.String,java.lang.String)[pri:0, instance:testCases.TC03_LoginDDT@67d48005]" started-at="2026-03-26T23:02:09 IST" name="test_LoginDDT" data-provider="dp" finished-at="2026-03-26T23:02:19 IST" duration-ms="10699" status="PASS">
          <params>
            <param index="0">
              <value>
                <![CDATA[piutfg@gmail]]>
              </value>
            </param>
            <param index="1">
              <value>
                <![CDATA[puyt56]]>
              </value>
            </param>
            <param index="2">
              <value>
                <![CDATA[Invalid]]>
              </value>
            </param>
          </params>
          <reporter-output>
          </reporter-output>
        </test-method> <!-- test_LoginDDT -->
        <test-method is-config="true" signature="tearDown()[pri:0, instance:testCases.TC03_LoginDDT@67d48005]" started-at="2026-03-26T23:02:19 IST" name="tearDown" finished-at="2026-03-26T23:02:20 IST" duration-ms="737" status="PASS">
          <reporter-output>
          </reporter-output>
        </test-method> <!-- tearDown -->
      </class> <!-- testCases.TC03_LoginDDT -->
      <class name="testCases.TC01_AccountRegistrationTest">
        <test-method is-config="true" signature="setUp(java.lang.String,java.lang.String)[pri:0, instance:testCases.TC01_AccountRegistrationTest@4fb0f2b9]" started-at="2026-03-26T23:01:09 IST" name="setUp" finished-at="2026-03-26T23:01:14 IST" duration-ms="5041" status="PASS">
          <params>
            <param index="0">
              <value>
                <![CDATA[windows]]>
              </value>
            </param>
            <param index="1">
              <value>
                <![CDATA[chrome]]>
              </value>
            </param>
          </params>
          <reporter-output>
          </reporter-output>
        </test-method> <!-- setUp -->
        <test-method signature="test_Account_Registration()[pri:0, instance:testCases.TC01_AccountRegistrationTest@4fb0f2b9]" started-at="2026-03-26T23:01:14 IST" name="test_Account_Registration" finished-at="2026-03-26T23:01:17 IST" duration-ms="3569" status="PASS">
          <reporter-output>
          </reporter-output>
        </test-method> <!-- test_Account_Registration -->
        <test-method is-config="true" signature="tearDown()[pri:0, instance:testCases.TC01_AccountRegistrationTest@4fb0f2b9]" started-at="2026-03-26T23:01:17 IST" name="tearDown" finished-at="2026-03-26T23:01:18 IST" duration-ms="567" status="PASS">
          <reporter-output>
          </reporter-output>
        </test-method> <!-- tearDown -->
      </class> <!-- testCases.TC01_AccountRegistrationTest -->
      <class name="testCases.TC04_SearchProductTest">
        <test-method is-config="true" signature="setUp(java.lang.String,java.lang.String)[pri:0, instance:testCases.TC04_SearchProductTest@9f116cc]" started-at="2026-03-26T23:02:20 IST" name="setUp" finished-at="2026-03-26T23:02:24 IST" duration-ms="3561" status="PASS">
          <params>
            <param index="0">
              <value>
                <![CDATA[windows]]>
              </value>
            </param>
            <param index="1">
              <value>
                <![CDATA[chrome]]>
              </value>
            </param>
          </params>
          <reporter-output>
          </reporter-output>
        </test-method> <!-- setUp -->
        <test-method signature="verify_ProductSearch()[pri:0, instance:testCases.TC04_SearchProductTest@9f116cc]" started-at="2026-03-26T23:02:24 IST" name="verify_ProductSearch" finished-at="2026-03-26T23:02:24 IST" duration-ms="705" status="PASS">
          <reporter-output>
          </reporter-output>
        </test-method> <!-- verify_ProductSearch -->
        <test-method is-config="true" signature="tearDown()[pri:0, instance:testCases.TC04_SearchProductTest@9f116cc]" started-at="2026-03-26T23:02:24 IST" name="tearDown" finished-at="2026-03-26T23:02:25 IST" duration-ms="627" status="PASS">
          <reporter-output>
          </reporter-output>
        </test-method> <!-- tearDown -->
      </class> <!-- testCases.TC04_SearchProductTest -->
      <class name="testCases.TC02_LoginTest">
        <test-method is-config="true" signature="setUp(java.lang.String,java.lang.String)[pri:0, instance:testCases.TC02_LoginTest@294425a7]" started-at="2026-03-26T23:01:18 IST" name="setUp" finished-at="2026-03-26T23:01:22 IST" duration-ms="3987" status="PASS">
          <params>
            <param index="0">
              <value>
                <![CDATA[windows]]>
              </value>
            </param>
            <param index="1">
              <value>
                <![CDATA[chrome]]>
              </value>
            </param>
          </params>
          <reporter-output>
          </reporter-output>
        </test-method> <!-- setUp -->
        <test-method signature="test_Login()[pri:0, instance:testCases.TC02_LoginTest@294425a7]" started-at="2026-03-26T23:01:22 IST" name="test_Login" finished-at="2026-03-26T23:01:25 IST" duration-ms="2979" status="PASS">
          <reporter-output>
          </reporter-output>
        </test-method> <!-- test_Login -->
        <test-method is-config="true" signature="tearDown()[pri:0, instance:testCases.TC02_LoginTest@294425a7]" started-at="2026-03-26T23:01:25 IST" name="tearDown" finished-at="2026-03-26T23:01:26 IST" duration-ms="582" status="PASS">
          <reporter-output>
          </reporter-output>
        </test-method> <!-- tearDown -->
      </class> <!-- testCases.TC02_LoginTest -->
    </test> <!-- Test -->
  </suite> <!-- Suite -->
</testng-results>
