<?xml version="1.0" encoding="UTF-8"?>
<testng-results ignored="0" total="2" passed="2" failed="0" skipped="0">
  <reporter-output>
  </reporter-output>
  <suite started-at="2026-03-21T14:35:54 IST" name="Suite" finished-at="2026-03-21T14:36:18 IST" duration-ms="24173">
    <groups>
      <group name="Master">
        <method signature="TC01_AccountRegistrationTest.test_Account_Registration()[pri:0, instance:testCases.TC01_AccountRegistrationTest@a514af7]" name="test_Account_Registration" class="testCases.TC01_AccountRegistrationTest"/>
        <method signature="TC02_LoginTest.test_Login()[pri:0, instance:testCases.TC02_LoginTest@7b9a4292]" name="test_Login" class="testCases.TC02_LoginTest"/>
      </group> <!-- Master -->
      <group name="Sanity">
        <method signature="TC02_LoginTest.test_Login()[pri:0, instance:testCases.TC02_LoginTest@7b9a4292]" name="test_Login" class="testCases.TC02_LoginTest"/>
      </group> <!-- Sanity -->
      <group name="Regression">
        <method signature="TC01_AccountRegistrationTest.test_Account_Registration()[pri:0, instance:testCases.TC01_AccountRegistrationTest@a514af7]" name="test_Account_Registration" class="testCases.TC01_AccountRegistrationTest"/>
      </group> <!-- Regression -->
    </groups>
    <test started-at="2026-03-21T14:35:54 IST" name="Test" finished-at="2026-03-21T14:36:18 IST" duration-ms="24173">
      <class name="testCases.TC01_AccountRegistrationTest">
        <test-method is-config="true" signature="setUp(java.lang.String,java.lang.String)[pri:0, instance:testCases.TC01_AccountRegistrationTest@a514af7]" started-at="2026-03-21T14:35:54 IST" name="setUp" finished-at="2026-03-21T14:36:03 IST" duration-ms="8468" status="PASS">
          <params>
            <param index="0">
              <value>
                <![CDATA[windows]]>
              </value>
            </param>
            <param index="1">
              <value>
                <![CDATA[chrome]]>
              </value>
            </param>
          </params>
          <reporter-output>
          </reporter-output>
        </test-method> <!-- setUp -->
        <test-method signature="test_Account_Registration()[pri:0, instance:testCases.TC01_AccountRegistrationTest@a514af7]" started-at="2026-03-21T14:36:03 IST" name="test_Account_Registration" finished-at="2026-03-21T14:36:07 IST" duration-ms="3873" status="PASS">
          <reporter-output>
          </reporter-output>
        </test-method> <!-- test_Account_Registration -->
        <test-method is-config="true" signature="tearDown()[pri:0, instance:testCases.TC01_AccountRegistrationTest@a514af7]" started-at="2026-03-21T14:36:07 IST" name="tearDown" finished-at="2026-03-21T14:36:08 IST" duration-ms="1178" status="PASS">
          <reporter-output>
          </reporter-output>
        </test-method> <!-- tearDown -->
      </class> <!-- testCases.TC01_AccountRegistrationTest -->
      <class name="testCases.TC02_LoginTest">
        <test-method is-config="true" signature="setUp(java.lang.String,java.lang.String)[pri:0, instance:testCases.TC02_LoginTest@7b9a4292]" started-at="2026-03-21T14:36:08 IST" name="setUp" finished-at="2026-03-21T14:36:14 IST" duration-ms="6412" status="PASS">
          <params>
            <param index="0">
              <value>
                <![CDATA[windows]]>
              </value>
            </param>
            <param index="1">
              <value>
                <![CDATA[chrome]]>
              </value>
            </param>
          </params>
          <reporter-output>
          </reporter-output>
        </test-method> <!-- setUp -->
        <test-method signature="test_Login()[pri:0, instance:testCases.TC02_LoginTest@7b9a4292]" started-at="2026-03-21T14:36:14 IST" name="test_Login" finished-at="2026-03-21T14:36:17 IST" duration-ms="2367" status="PASS">
          <reporter-output>
          </reporter-output>
        </test-method> <!-- test_Login -->
        <test-method is-config="true" signature="tearDown()[pri:0, instance:testCases.TC02_LoginTest@7b9a4292]" started-at="2026-03-21T14:36:17 IST" name="tearDown" finished-at="2026-03-21T14:36:18 IST" duration-ms="1047" status="PASS">
          <reporter-output>
          </reporter-output>
        </test-method> <!-- tearDown -->
      </class> <!-- testCases.TC02_LoginTest -->
    </test> <!-- Test -->
  </suite> <!-- Suite -->
</testng-results>
