<?xml version="1.0" encoding="UTF-8"?>
<testng-results ignored="0" total="18" passed="18" failed="0" skipped="0">
  <reporter-output>
  </reporter-output>
  <suite started-at="2026-03-27T12:17:25 IST" name="Suite" finished-at="2026-03-27T12:21:25 IST" duration-ms="239355">
    <groups>
      <group name="Master">
        <method signature="TC01_AccountRegistrationTest.test_Account_Registration()[pri:0, instance:testCases.TC01_AccountRegistrationTest@198b6731]" name="test_Account_Registration" class="testCases.TC01_AccountRegistrationTest"/>
        <method signature="TC02_LoginTest.test_Login()[pri:0, instance:testCases.TC02_LoginTest@4b2bac3f]" name="test_Login" class="testCases.TC02_LoginTest"/>
        <method signature="TC04_SearchProductTest.verify_ProductSearch()[pri:0, instance:testCases.TC04_SearchProductTest@bcec361]" name="verify_ProductSearch" class="testCases.TC04_SearchProductTest"/>
        <method signature="TC05_AddToCartTest.verify_AddToCart()[pri:0, instance:testCases.TC05_AddToCartTest@26794848]" name="verify_AddToCart" class="testCases.TC05_AddToCartTest"/>
        <method signature="TC01_AccountRegistrationTest.test_Account_Registration()[pri:0, instance:testCases.TC01_AccountRegistrationTest@1e66f1f5]" name="test_Account_Registration" class="testCases.TC01_AccountRegistrationTest"/>
        <method signature="TC02_LoginTest.test_Login()[pri:0, instance:testCases.TC02_LoginTest@4e50c791]" name="test_Login" class="testCases.TC02_LoginTest"/>
        <method signature="TC04_SearchProductTest.verify_ProductSearch()[pri:0, instance:testCases.TC04_SearchProductTest@58a9760d]" name="verify_ProductSearch" class="testCases.TC04_SearchProductTest"/>
        <method signature="TC05_AddToCartTest.verify_AddToCart()[pri:0, instance:testCases.TC05_AddToCartTest@71e9ddb4]" name="verify_AddToCart" class="testCases.TC05_AddToCartTest"/>
      </group> <!-- Master -->
      <group name="Sanity">
        <method signature="TC02_LoginTest.test_Login()[pri:0, instance:testCases.TC02_LoginTest@4b2bac3f]" name="test_Login" class="testCases.TC02_LoginTest"/>
        <method signature="TC02_LoginTest.test_Login()[pri:0, instance:testCases.TC02_LoginTest@4e50c791]" name="test_Login" class="testCases.TC02_LoginTest"/>
      </group> <!-- Sanity -->
      <group name="DataDriven">
        <method signature="TC03_LoginDDT.test_LoginDDT(java.lang.String,java.lang.String,java.lang.String)[pri:0, instance:testCases.TC03_LoginDDT@4e08711f]" name="test_LoginDDT" class="testCases.TC03_LoginDDT"/>
        <method signature="TC03_LoginDDT.test_LoginDDT(java.lang.String,java.lang.String,java.lang.String)[pri:0, instance:testCases.TC03_LoginDDT@7530ad9c]" name="test_LoginDDT" class="testCases.TC03_LoginDDT"/>
      </group> <!-- DataDriven -->
      <group name="Regression">
        <method signature="TC01_AccountRegistrationTest.test_Account_Registration()[pri:0, instance:testCases.TC01_AccountRegistrationTest@198b6731]" name="test_Account_Registration" class="testCases.TC01_AccountRegistrationTest"/>
        <method signature="TC01_AccountRegistrationTest.test_Account_Registration()[pri:0, instance:testCases.TC01_AccountRegistrationTest@1e66f1f5]" name="test_Account_Registration" class="testCases.TC01_AccountRegistrationTest"/>
      </group> <!-- Regression -->
    </groups>
    <test started-at="2026-03-27T12:17:25 IST" name="chromeTest" finished-at="2026-03-27T12:19:22 IST" duration-ms="116774">
      <class name="testCases.TC05_AddToCartTest">
        <test-method is-config="true" signature="setUp(java.lang.String,java.lang.String)[pri:0, instance:testCases.TC05_AddToCartTest@26794848]" started-at="2026-03-27T12:19:10 IST" name="setUp" finished-at="2026-03-27T12:19:18 IST" duration-ms="8156" status="PASS">
          <params>
            <param index="0">
              <value>
                <![CDATA[windows]]>
              </value>
            </param>
            <param index="1">
              <value>
                <![CDATA[chrome]]>
              </value>
            </param>
          </params>
          <reporter-output>
          </reporter-output>
        </test-method> <!-- setUp -->
        <test-method signature="verify_AddToCart()[pri:0, instance:testCases.TC05_AddToCartTest@26794848]" started-at="2026-03-27T12:19:18 IST" name="verify_AddToCart" finished-at="2026-03-27T12:19:21 IST" duration-ms="3026" status="PASS">
          <reporter-output>
          </reporter-output>
        </test-method> <!-- verify_AddToCart -->
        <test-method is-config="true" signature="tearDown()[pri:0, instance:testCases.TC05_AddToCartTest@26794848]" started-at="2026-03-27T12:19:21 IST" name="tearDown" finished-at="2026-03-27T12:19:22 IST" duration-ms="1027" status="PASS">
          <reporter-output>
          </reporter-output>
        </test-method> <!-- tearDown -->
      </class> <!-- testCases.TC05_AddToCartTest -->
      <class name="testCases.TC03_LoginDDT">
        <test-method is-config="true" signature="setUp(java.lang.String,java.lang.String)[pri:0, instance:testCases.TC03_LoginDDT@4e08711f]" started-at="2026-03-27T12:17:52 IST" name="setUp" finished-at="2026-03-27T12:17:58 IST" duration-ms="6021" status="PASS">
          <params>
            <param index="0">
              <value>
                <![CDATA[windows]]>
              </value>
            </param>
            <param index="1">
              <value>
                <![CDATA[chrome]]>
              </value>
            </param>
          </params>
          <reporter-output>
          </reporter-output>
        </test-method> <!-- setUp -->
        <test-method signature="test_LoginDDT(java.lang.String,java.lang.String,java.lang.String)[pri:0, instance:testCases.TC03_LoginDDT@4e08711f]" started-at="2026-03-27T12:18:03 IST" name="test_LoginDDT" data-provider="dp" finished-at="2026-03-27T12:18:07 IST" duration-ms="3236" status="PASS">
          <params>
            <param index="0">
              <value>
                <![CDATA[manisha834@gmail.com]]>
              </value>
            </param>
            <param index="1">
              <value>
                <![CDATA[Mani834#]]>
              </value>
            </param>
            <param index="2">
              <value>
                <![CDATA[Valid]]>
              </value>
            </param>
          </params>
          <reporter-output>
          </reporter-output>
        </test-method> <!-- test_LoginDDT -->
        <test-method signature="test_LoginDDT(java.lang.String,java.lang.String,java.lang.String)[pri:0, instance:testCases.TC03_LoginDDT@4e08711f]" started-at="2026-03-27T12:18:07 IST" name="test_LoginDDT" data-provider="dp" finished-at="2026-03-27T12:18:19 IST" duration-ms="12424" status="PASS">
          <params>
            <param index="0">
              <value>
                <![CDATA[xyz876@gmail.com]]>
              </value>
            </param>
            <param index="1">
              <value>
                <![CDATA[xyz876]]>
              </value>
            </param>
            <param index="2">
              <value>
                <![CDATA[Invalid]]>
              </value>
            </param>
          </params>
          <reporter-output>
          </reporter-output>
        </test-method> <!-- test_LoginDDT -->
        <test-method signature="test_LoginDDT(java.lang.String,java.lang.String,java.lang.String)[pri:0, instance:testCases.TC03_LoginDDT@4e08711f]" started-at="2026-03-27T12:18:19 IST" name="test_LoginDDT" data-provider="dp" finished-at="2026-03-27T12:18:31 IST" duration-ms="11987" status="PASS">
          <params>
            <param index="0">
              <value>
                <![CDATA[phnv654@gmail.com]]>
              </value>
            </param>
            <param index="1">
              <value>
                <![CDATA[phnv654]]>
              </value>
            </param>
            <param index="2">
              <value>
                <![CDATA[Invalid]]>
              </value>
            </param>
          </params>
          <reporter-output>
          </reporter-output>
        </test-method> <!-- test_LoginDDT -->
        <test-method signature="test_LoginDDT(java.lang.String,java.lang.String,java.lang.String)[pri:0, instance:testCases.TC03_LoginDDT@4e08711f]" started-at="2026-03-27T12:18:31 IST" name="test_LoginDDT" data-provider="dp" finished-at="2026-03-27T12:18:46 IST" duration-ms="14917" status="PASS">
          <params>
            <param index="0">
              <value>
                <![CDATA[rtfn@gmail.com]]>
              </value>
            </param>
            <param index="1">
              <value>
                <![CDATA[rtfn87]]>
              </value>
            </param>
            <param index="2">
              <value>
                <![CDATA[Invalid]]>
              </value>
            </param>
          </params>
          <reporter-output>
          </reporter-output>
        </test-method> <!-- test_LoginDDT -->
        <test-method signature="test_LoginDDT(java.lang.String,java.lang.String,java.lang.String)[pri:0, instance:testCases.TC03_LoginDDT@4e08711f]" started-at="2026-03-27T12:18:46 IST" name="test_LoginDDT" data-provider="dp" finished-at="2026-03-27T12:18:58 IST" duration-ms="11875" status="PASS">
          <params>
            <param index="0">
              <value>
                <![CDATA[piutfg@gmail]]>
              </value>
            </param>
            <param index="1">
              <value>
                <![CDATA[puyt56]]>
              </value>
            </param>
            <param index="2">
              <value>
                <![CDATA[Invalid]]>
              </value>
            </param>
          </params>
          <reporter-output>
          </reporter-output>
        </test-method> <!-- test_LoginDDT -->
        <test-method is-config="true" signature="tearDown()[pri:0, instance:testCases.TC03_LoginDDT@4e08711f]" started-at="2026-03-27T12:18:58 IST" name="tearDown" finished-at="2026-03-27T12:19:00 IST" duration-ms="1650" status="PASS">
          <reporter-output>
          </reporter-output>
        </test-method> <!-- tearDown -->
      </class> <!-- testCases.TC03_LoginDDT -->
      <class name="testCases.TC01_AccountRegistrationTest">
        <test-method is-config="true" signature="setUp(java.lang.String,java.lang.String)[pri:0, instance:testCases.TC01_AccountRegistrationTest@198b6731]" started-at="2026-03-27T12:17:26 IST" name="setUp" finished-at="2026-03-27T12:17:35 IST" duration-ms="9102" status="PASS">
          <params>
            <param index="0">
              <value>
                <![CDATA[windows]]>
              </value>
            </param>
            <param index="1">
              <value>
                <![CDATA[chrome]]>
              </value>
            </param>
          </params>
          <reporter-output>
          </reporter-output>
        </test-method> <!-- setUp -->
        <test-method signature="test_Account_Registration()[pri:0, instance:testCases.TC01_AccountRegistrationTest@198b6731]" started-at="2026-03-27T12:17:35 IST" name="test_Account_Registration" finished-at="2026-03-27T12:17:40 IST" duration-ms="4364" status="PASS">
          <reporter-output>
          </reporter-output>
        </test-method> <!-- test_Account_Registration -->
        <test-method is-config="true" signature="tearDown()[pri:0, instance:testCases.TC01_AccountRegistrationTest@198b6731]" started-at="2026-03-27T12:17:40 IST" name="tearDown" finished-at="2026-03-27T12:17:41 IST" duration-ms="1595" status="PASS">
          <reporter-output>
          </reporter-output>
        </test-method> <!-- tearDown -->
      </class> <!-- testCases.TC01_AccountRegistrationTest -->
      <class name="testCases.TC04_SearchProductTest">
        <test-method is-config="true" signature="setUp(java.lang.String,java.lang.String)[pri:0, instance:testCases.TC04_SearchProductTest@bcec361]" started-at="2026-03-27T12:19:00 IST" name="setUp" finished-at="2026-03-27T12:19:08 IST" duration-ms="7937" status="PASS">
          <params>
            <param index="0">
              <value>
                <![CDATA[windows]]>
              </value>
            </param>
            <param index="1">
              <value>
                <![CDATA[chrome]]>
              </value>
            </param>
          </params>
          <reporter-output>
          </reporter-output>
        </test-method> <!-- setUp -->
        <test-method signature="verify_ProductSearch()[pri:0, instance:testCases.TC04_SearchProductTest@bcec361]" started-at="2026-03-27T12:19:08 IST" name="verify_ProductSearch" finished-at="2026-03-27T12:19:09 IST" duration-ms="1267" status="PASS">
          <reporter-output>
          </reporter-output>
        </test-method> <!-- verify_ProductSearch -->
        <test-method is-config="true" signature="tearDown()[pri:0, instance:testCases.TC04_SearchProductTest@bcec361]" started-at="2026-03-27T12:19:09 IST" name="tearDown" finished-at="2026-03-27T12:19:10 IST" duration-ms="1072" status="PASS">
          <reporter-output>
          </reporter-output>
        </test-method> <!-- tearDown -->
      </class> <!-- testCases.TC04_SearchProductTest -->
      <class name="testCases.TC02_LoginTest">
        <test-method is-config="true" signature="setUp(java.lang.String,java.lang.String)[pri:0, instance:testCases.TC02_LoginTest@4b2bac3f]" started-at="2026-03-27T12:17:41 IST" name="setUp" finished-at="2026-03-27T12:17:47 IST" duration-ms="5993" status="PASS">
          <params>
            <param index="0">
              <value>
                <![CDATA[windows]]>
              </value>
            </param>
            <param index="1">
              <value>
                <![CDATA[chrome]]>
              </value>
            </param>
          </params>
          <reporter-output>
          </reporter-output>
        </test-method> <!-- setUp -->
        <test-method signature="test_Login()[pri:0, instance:testCases.TC02_LoginTest@4b2bac3f]" started-at="2026-03-27T12:17:47 IST" name="test_Login" finished-at="2026-03-27T12:17:51 IST" duration-ms="3582" status="PASS">
          <reporter-output>
          </reporter-output>
        </test-method> <!-- test_Login -->
        <test-method is-config="true" signature="tearDown()[pri:0, instance:testCases.TC02_LoginTest@4b2bac3f]" started-at="2026-03-27T12:17:51 IST" name="tearDown" finished-at="2026-03-27T12:17:52 IST" duration-ms="1223" status="PASS">
          <reporter-output>
          </reporter-output>
        </test-method> <!-- tearDown -->
      </class> <!-- testCases.TC02_LoginTest -->
    </test> <!-- chromeTest -->
    <test started-at="2026-03-27T12:19:23 IST" name="edgeTest" finished-at="2026-03-27T12:21:25 IST" duration-ms="121585">
      <class name="testCases.TC05_AddToCartTest">
        <test-method is-config="true" signature="setUp(java.lang.String,java.lang.String)[pri:0, instance:testCases.TC05_AddToCartTest@71e9ddb4]" started-at="2026-03-27T12:21:12 IST" name="setUp" finished-at="2026-03-27T12:21:20 IST" duration-ms="7964" status="PASS">
          <params>
            <param index="0">
              <value>
                <![CDATA[windows]]>
              </value>
            </param>
            <param index="1">
              <value>
                <![CDATA[edge]]>
              </value>
            </param>
          </params>
          <reporter-output>
          </reporter-output>
        </test-method> <!-- setUp -->
        <test-method signature="verify_AddToCart()[pri:0, instance:testCases.TC05_AddToCartTest@71e9ddb4]" started-at="2026-03-27T12:21:20 IST" name="verify_AddToCart" finished-at="2026-03-27T12:21:23 IST" duration-ms="3072" status="PASS">
          <reporter-output>
          </reporter-output>
        </test-method> <!-- verify_AddToCart -->
        <test-method is-config="true" signature="tearDown()[pri:0, instance:testCases.TC05_AddToCartTest@71e9ddb4]" started-at="2026-03-27T12:21:23 IST" name="tearDown" finished-at="2026-03-27T12:21:25 IST" duration-ms="1252" status="PASS">
          <reporter-output>
          </reporter-output>
        </test-method> <!-- tearDown -->
      </class> <!-- testCases.TC05_AddToCartTest -->
      <class name="testCases.TC03_LoginDDT">
        <test-method is-config="true" signature="setUp(java.lang.String,java.lang.String)[pri:0, instance:testCases.TC03_LoginDDT@7530ad9c]" started-at="2026-03-27T12:19:49 IST" name="setUp" finished-at="2026-03-27T12:19:57 IST" duration-ms="7939" status="PASS">
          <params>
            <param index="0">
              <value>
                <![CDATA[windows]]>
              </value>
            </param>
            <param index="1">
              <value>
                <![CDATA[edge]]>
              </value>
            </param>
          </params>
          <reporter-output>
          </reporter-output>
        </test-method> <!-- setUp -->
        <test-method signature="test_LoginDDT(java.lang.String,java.lang.String,java.lang.String)[pri:0, instance:testCases.TC03_LoginDDT@7530ad9c]" started-at="2026-03-27T12:19:58 IST" name="test_LoginDDT" data-provider="dp" finished-at="2026-03-27T12:20:09 IST" duration-ms="11644" status="PASS">
          <params>
            <param index="0">
              <value>
                <![CDATA[manisha834@gmail.com]]>
              </value>
            </param>
            <param index="1">
              <value>
                <![CDATA[Mani834#]]>
              </value>
            </param>
            <param index="2">
              <value>
                <![CDATA[Valid]]>
              </value>
            </param>
          </params>
          <reporter-output>
          </reporter-output>
        </test-method> <!-- test_LoginDDT -->
        <test-method signature="test_LoginDDT(java.lang.String,java.lang.String,java.lang.String)[pri:0, instance:testCases.TC03_LoginDDT@7530ad9c]" started-at="2026-03-27T12:20:09 IST" name="test_LoginDDT" data-provider="dp" finished-at="2026-03-27T12:20:23 IST" duration-ms="13443" status="PASS">
          <params>
            <param index="0">
              <value>
                <![CDATA[xyz876@gmail.com]]>
              </value>
            </param>
            <param index="1">
              <value>
                <![CDATA[xyz876]]>
              </value>
            </param>
            <param index="2">
              <value>
                <![CDATA[Invalid]]>
              </value>
            </param>
          </params>
          <reporter-output>
          </reporter-output>
        </test-method> <!-- test_LoginDDT -->
        <test-method signature="test_LoginDDT(java.lang.String,java.lang.String,java.lang.String)[pri:0, instance:testCases.TC03_LoginDDT@7530ad9c]" started-at="2026-03-27T12:20:23 IST" name="test_LoginDDT" data-provider="dp" finished-at="2026-03-27T12:20:35 IST" duration-ms="12814" status="PASS">
          <params>
            <param index="0">
              <value>
                <![CDATA[phnv654@gmail.com]]>
              </value>
            </param>
            <param index="1">
              <value>
                <![CDATA[phnv654]]>
              </value>
            </param>
            <param index="2">
              <value>
                <![CDATA[Invalid]]>
              </value>
            </param>
          </params>
          <reporter-output>
          </reporter-output>
        </test-method> <!-- test_LoginDDT -->
        <test-method signature="test_LoginDDT(java.lang.String,java.lang.String,java.lang.String)[pri:0, instance:testCases.TC03_LoginDDT@7530ad9c]" started-at="2026-03-27T12:20:35 IST" name="test_LoginDDT" data-provider="dp" finished-at="2026-03-27T12:20:49 IST" duration-ms="13072" status="PASS">
          <params>
            <param index="0">
              <value>
                <![CDATA[rtfn@gmail.com]]>
              </value>
            </param>
            <param index="1">
              <value>
                <![CDATA[rtfn87]]>
              </value>
            </param>
            <param index="2">
              <value>
                <![CDATA[Invalid]]>
              </value>
            </param>
          </params>
          <reporter-output>
          </reporter-output>
        </test-method> <!-- test_LoginDDT -->
        <test-method signature="test_LoginDDT(java.lang.String,java.lang.String,java.lang.String)[pri:0, instance:testCases.TC03_LoginDDT@7530ad9c]" started-at="2026-03-27T12:20:49 IST" name="test_LoginDDT" data-provider="dp" finished-at="2026-03-27T12:21:01 IST" duration-ms="12479" status="PASS">
          <params>
            <param index="0">
              <value>
                <![CDATA[piutfg@gmail]]>
              </value>
            </param>
            <param index="1">
              <value>
                <![CDATA[puyt56]]>
              </value>
            </param>
            <param index="2">
              <value>
                <![CDATA[Invalid]]>
              </value>
            </param>
          </params>
          <reporter-output>
          </reporter-output>
        </test-method> <!-- test_LoginDDT -->
        <test-method is-config="true" signature="tearDown()[pri:0, instance:testCases.TC03_LoginDDT@7530ad9c]" started-at="2026-03-27T12:21:01 IST" name="tearDown" finished-at="2026-03-27T12:21:03 IST" duration-ms="1621" status="PASS">
          <reporter-output>
          </reporter-output>
        </test-method> <!-- tearDown -->
      </class> <!-- testCases.TC03_LoginDDT -->
      <class name="testCases.TC01_AccountRegistrationTest">
        <test-method is-config="true" signature="setUp(java.lang.String,java.lang.String)[pri:0, instance:testCases.TC01_AccountRegistrationTest@1e66f1f5]" started-at="2026-03-27T12:19:23 IST" name="setUp" finished-at="2026-03-27T12:19:31 IST" duration-ms="8036" status="PASS">
          <params>
            <param index="0">
              <value>
                <![CDATA[windows]]>
              </value>
            </param>
            <param index="1">
              <value>
                <![CDATA[edge]]>
              </value>
            </param>
          </params>
          <reporter-output>
          </reporter-output>
        </test-method> <!-- setUp -->
        <test-method signature="test_Account_Registration()[pri:0, instance:testCases.TC01_AccountRegistrationTest@1e66f1f5]" started-at="2026-03-27T12:19:31 IST" name="test_Account_Registration" finished-at="2026-03-27T12:19:35 IST" duration-ms="4138" status="PASS">
          <reporter-output>
          </reporter-output>
        </test-method> <!-- test_Account_Registration -->
        <test-method is-config="true" signature="tearDown()[pri:0, instance:testCases.TC01_AccountRegistrationTest@1e66f1f5]" started-at="2026-03-27T12:19:35 IST" name="tearDown" finished-at="2026-03-27T12:19:37 IST" duration-ms="1495" status="PASS">
          <reporter-output>
          </reporter-output>
        </test-method> <!-- tearDown -->
      </class> <!-- testCases.TC01_AccountRegistrationTest -->
      <class name="testCases.TC04_SearchProductTest">
        <test-method is-config="true" signature="setUp(java.lang.String,java.lang.String)[pri:0, instance:testCases.TC04_SearchProductTest@58a9760d]" started-at="2026-03-27T12:21:03 IST" name="setUp" finished-at="2026-03-27T12:21:10 IST" duration-ms="7584" status="PASS">
          <params>
            <param index="0">
              <value>
                <![CDATA[windows]]>
              </value>
            </param>
            <param index="1">
              <value>
                <![CDATA[edge]]>
              </value>
            </param>
          </params>
          <reporter-output>
          </reporter-output>
        </test-method> <!-- setUp -->
        <test-method signature="verify_ProductSearch()[pri:0, instance:testCases.TC04_SearchProductTest@58a9760d]" started-at="2026-03-27T12:21:10 IST" name="verify_ProductSearch" finished-at="2026-03-27T12:21:11 IST" duration-ms="1186" status="PASS">
          <reporter-output>
          </reporter-output>
        </test-method> <!-- verify_ProductSearch -->
        <test-method is-config="true" signature="tearDown()[pri:0, instance:testCases.TC04_SearchProductTest@58a9760d]" started-at="2026-03-27T12:21:11 IST" name="tearDown" finished-at="2026-03-27T12:21:12 IST" duration-ms="945" status="PASS">
          <reporter-output>
          </reporter-output>
        </test-method> <!-- tearDown -->
      </class> <!-- testCases.TC04_SearchProductTest -->
      <class name="testCases.TC02_LoginTest">
        <test-method is-config="true" signature="setUp(java.lang.String,java.lang.String)[pri:0, instance:testCases.TC02_LoginTest@4e50c791]" started-at="2026-03-27T12:19:37 IST" name="setUp" finished-at="2026-03-27T12:19:45 IST" duration-ms="7774" status="PASS">
          <params>
            <param index="0">
              <value>
                <![CDATA[windows]]>
              </value>
            </param>
            <param index="1">
              <value>
                <![CDATA[edge]]>
              </value>
            </param>
          </params>
          <reporter-output>
          </reporter-output>
        </test-method> <!-- setUp -->
        <test-method signature="test_Login()[pri:0, instance:testCases.TC02_LoginTest@4e50c791]" started-at="2026-03-27T12:19:45 IST" name="test_Login" finished-at="2026-03-27T12:19:47 IST" duration-ms="2818" status="PASS">
          <reporter-output>
          </reporter-output>
        </test-method> <!-- test_Login -->
        <test-method is-config="true" signature="tearDown()[pri:0, instance:testCases.TC02_LoginTest@4e50c791]" started-at="2026-03-27T12:19:47 IST" name="tearDown" finished-at="2026-03-27T12:19:49 IST" duration-ms="1296" status="PASS">
          <reporter-output>
          </reporter-output>
        </test-method> <!-- tearDown -->
      </class> <!-- testCases.TC02_LoginTest -->
    </test> <!-- edgeTest -->
  </suite> <!-- Suite -->
</testng-results>
