<?xml version="1.0" encoding="UTF-8"?>
<!-- Generated by org.testng.reporters.JUnitReportReporter -->
<testsuite hostname="LAPTOP-TJHTKUSI" failures="0" tests="2" name="testCases.TC01_AccountRegistrationTest" time="15.231" errors="0" timestamp="2026-03-29T12:04:50 IST" skipped="0">
  <testcase classname="testCases.TC01_AccountRegistrationTest" name="test_Account_Registration" time="7.680"/>
  <testcase classname="testCases.TC01_AccountRegistrationTest" name="test_Account_Registration" time="7.551"/>
</testsuite> <!-- testCases.TC01_AccountRegistrationTest -->
