<?xml version="1.0" encoding="UTF-8"?>
<!-- Generated by org.testng.reporters.JUnitReportReporter -->
<testsuite hostname="LAPTOP-TJHTKUSI" failures="0" tests="5" name="testCases.TC03_LoginDDT" time="50.330" errors="0" timestamp="2026-03-26T22:04:43 IST" skipped="0">
  <testcase classname="testCases.TC03_LoginDDT" name="test_LoginDDT" time="3.265"/>
  <testcase classname="testCases.TC03_LoginDDT" name="test_LoginDDT" time="11.889"/>
  <testcase classname="testCases.TC03_LoginDDT" name="test_LoginDDT" time="12.033"/>
  <testcase classname="testCases.TC03_LoginDDT" name="test_LoginDDT" time="11.114"/>
  <testcase classname="testCases.TC03_LoginDDT" name="test_LoginDDT" time="12.029"/>
</testsuite> <!-- testCases.TC03_LoginDDT -->
