<?xml version="1.0" encoding="UTF-8"?>
<!-- Generated by org.testng.reporters.JUnitReportReporter -->
<testsuite hostname="LAPTOP-TJHTKUSI" failures="0" tests="2" name="testCases.TC05_AddToCartTest" time="11.719" errors="0" timestamp="2026-03-29T12:04:50 IST" skipped="0">
  <testcase classname="testCases.TC05_AddToCartTest" name="verify_AddToCart" time="5.580"/>
  <testcase classname="testCases.TC05_AddToCartTest" name="verify_AddToCart" time="6.139"/>
</testsuite> <!-- testCases.TC05_AddToCartTest -->
