<?xml version="1.0" encoding="UTF-8"?>
<!-- Generated by org.testng.reporters.JUnitReportReporter -->
<testsuite hostname="LAPTOP-TJHTKUSI" failures="0" tests="2" name="testCases.TC04_SearchProductTest" time="5.920" errors="0" timestamp="2026-03-29T12:04:50 IST" skipped="0">
  <testcase classname="testCases.TC04_SearchProductTest" name="verify_ProductSearch" time="2.992"/>
  <testcase classname="testCases.TC04_SearchProductTest" name="verify_ProductSearch" time="2.928"/>
</testsuite> <!-- testCases.TC04_SearchProductTest -->
