<?xml version="1.0" encoding="UTF-8"?>
<!-- Generated by org.testng.reporters.JUnitReportReporter -->
<testsuite hostname="LAPTOP-TJHTKUSI" failures="0" tests="10" name="testCases.TC03_LoginDDT" time="117.891" errors="0" timestamp="2026-03-27T12:21:25 IST" skipped="0">
  <testcase classname="testCases.TC03_LoginDDT" name="test_LoginDDT" time="14.917"/>
  <testcase classname="testCases.TC03_LoginDDT" name="test_LoginDDT" time="3.236"/>
  <testcase classname="testCases.TC03_LoginDDT" name="test_LoginDDT" time="13.443"/>
  <testcase classname="testCases.TC03_LoginDDT" name="test_LoginDDT" time="12.424"/>
  <testcase classname="testCases.TC03_LoginDDT" name="test_LoginDDT" time="13.072"/>
  <testcase classname="testCases.TC03_LoginDDT" name="test_LoginDDT" time="11.875"/>
  <testcase classname="testCases.TC03_LoginDDT" name="test_LoginDDT" time="12.814"/>
  <testcase classname="testCases.TC03_LoginDDT" name="test_LoginDDT" time="12.479"/>
  <testcase classname="testCases.TC03_LoginDDT" name="test_LoginDDT" time="11.987"/>
  <testcase classname="testCases.TC03_LoginDDT" name="test_LoginDDT" time="11.644"/>
</testsuite> <!-- testCases.TC03_LoginDDT -->
