<?xml version="1.0" encoding="UTF-8"?>
<!-- Generated by org.testng.reporters.JUnitReportReporter -->
<testsuite hostname="LAPTOP-TJHTKUSI" failures="0" tests="2" name="testCases.TC01_AccountRegistrationTest" time="8.502" errors="0" timestamp="2026-03-27T12:21:25 IST" skipped="0">
  <testcase classname="testCases.TC01_AccountRegistrationTest" name="test_Account_Registration" time="4.364"/>
  <testcase classname="testCases.TC01_AccountRegistrationTest" name="test_Account_Registration" time="4.138"/>
</testsuite> <!-- testCases.TC01_AccountRegistrationTest -->
