<?xml version="1.0" encoding="UTF-8"?>
<!-- Generated by org.testng.reporters.JUnitReportReporter -->
<testsuite hostname="LAPTOP-TJHTKUSI" failures="0" tests="5" name="testCases.TC03_LoginDDT" time="47.796" errors="0" timestamp="2026-03-26T23:02:32 IST" skipped="0">
  <testcase classname="testCases.TC03_LoginDDT" name="test_LoginDDT" time="10.765"/>
  <testcase classname="testCases.TC03_LoginDDT" name="test_LoginDDT" time="2.646"/>
  <testcase classname="testCases.TC03_LoginDDT" name="test_LoginDDT" time="10.699"/>
  <testcase classname="testCases.TC03_LoginDDT" name="test_LoginDDT" time="10.919"/>
  <testcase classname="testCases.TC03_LoginDDT" name="test_LoginDDT" time="12.767"/>
</testsuite> <!-- testCases.TC03_LoginDDT -->
