<?xml version="1.0" encoding="UTF-8"?>
<!-- Generated by org.testng.reporters.JUnitReportReporter -->
<testsuite hostname="LAPTOP-TJHTKUSI" failures="0" tests="5" name="testCases.TC03_LoginDDT" time="51.052" errors="0" timestamp="2026-03-26T22:14:08 IST" skipped="0">
  <testcase classname="testCases.TC03_LoginDDT" name="test_LoginDDT" time="2.687"/>
  <testcase classname="testCases.TC03_LoginDDT" name="test_LoginDDT" time="11.733"/>
  <testcase classname="testCases.TC03_LoginDDT" name="test_LoginDDT" time="12.055"/>
  <testcase classname="testCases.TC03_LoginDDT" name="test_LoginDDT" time="13.510"/>
  <testcase classname="testCases.TC03_LoginDDT" name="test_LoginDDT" time="11.067"/>
</testsuite> <!-- testCases.TC03_LoginDDT -->
